<?xml version="1.0" encoding="UTF-8"?>
<!-- Generated by org.testng.reporters.JUnitXMLReporter -->
<testsuite ignored="0" hostname="DESKTOP-HPTFRJB" failures="0" tests="3" name="Default test" time="0.111" errors="0" timestamp="2021-05-13T23:55:38 IST">
  <testcase classname="Projectmodules.TestFramwork.ThirdClass" name="ThirdClassMentodThree" time="0.01"/>
  <testcase classname="Projectmodules.TestFramwork.ThirdClass" name="ThirdClassMentodTwo" time="0.004"/>
  <testcase classname="Projectmodules.TestFramwork.ThirdClass" name="Thirdclassmentodone" time="0.002"/>
</testsuite> <!-- Default test -->
