<?xml version="1.0" encoding="UTF-8"?>
<!-- Generated by org.testng.reporters.JUnitXMLReporter -->
<testsuite ignored="0" hostname="DESKTOP-HPTFRJB" failures="0" tests="3" name="newtest" time="0.02" errors="0" timestamp="2021-05-14T16:22:03 IST">
  <testcase classname="Projectmodules.TestFramwork.ThirdClass" name="ThirdClassMentodThree" time="0.001"/>
  <testcase classname="Projectmodules.TestFramwork.ThirdClass" name="ThirdClassMentodTwo" time="0.002"/>
  <testcase classname="Projectmodules.TestFramwork.ThirdClass" name="Thirdclassmentodone" time="0.002"/>
</testsuite> <!-- newtest -->
