<?xml version="1.0" encoding="UTF-8"?>
<!-- Generated by org.testng.reporters.JUnitXMLReporter -->
<testsuite ignored="0" hostname="DESKTOP-HPTFRJB" failures="0" tests="6" name="Test" time="0.116" errors="0" timestamp="2021-05-14T16:22:03 IST">
  <testcase classname="Projectmodules.TestFramwork.FirstClass" name="firstClassMentodThree" time="0.011"/>
  <testcase classname="Projectmodules.TestFramwork.FirstClass" name="firstClassMentodTwo" time="0.007"/>
  <testcase classname="Projectmodules.TestFramwork.FirstClass" name="firstclassmentodone" time="0.001"/>
  <testcase classname="Projectmodules.TestFramwork.SecondClass" name="secondClassMentodThree" time="0.002"/>
  <testcase classname="Projectmodules.TestFramwork.SecondClass" name="secondClassMentodTwo" time="0.005"/>
  <testcase classname="Projectmodules.TestFramwork.SecondClass" name="secondclassmentodone" time="0.002"/>
</testsuite> <!-- Test -->
